<?xml version="1.0" encoding="UTF-8"?>
<!-- Generated by org.testng.reporters.JUnitReportReporter -->
<testsuite hostname="DESKTOP-1E9PTFA" failures="0" tests="1" name="Tests.Task3ExecutionTest" time="83.564" errors="0" timestamp="2025-06-24T17:13:34 IST" skipped="0">
  <testcase classname="Tests.Task3ExecutionTest" name="ShoppingToCartPage" time="83.564"/>
  <system-out/>
</testsuite> <!-- Tests.Task3ExecutionTest -->
